<?xml version="1.0" encoding="UTF-8"?>
<!-- Generated by org.testng.reporters.JUnitXMLReporter -->
<testsuite ignored="4" hostname="DESKTOP-8S455D7" failures="0" tests="2" name="Test-Runner-1" time="76.564" errors="0" timestamp="2022-01-21T12:12:03 IST">
  <testcase classname="com.crm.comcast.contacttest.ContactTest" name="createconatctTest" time="20.186"/>
  <testcase classname="com.crm.comcast.orgTest.OrganizationTest" name="createOrgtest" time="18.648"/>
  <testcase classname="com.crm.comcast.orgTest.OrganizationTest" name="createOrgWithIndustriesTypeTest" time="0.0">
    <ignored/>
  </testcase> <!-- createOrgWithIndustriesTypeTest -->
  <testcase classname="com.crm.comcast.genericutility.BaseAnnoationClass" name="@BeforeSuite configBS" time="0.0">
    <ignored/>
  </testcase> <!-- @BeforeSuite configBS -->
  <testcase classname="com.crm.comcast.contacttest.ContactTest" name="createContactWithOrgTest" time="0.0">
    <ignored/>
  </testcase> <!-- createContactWithOrgTest -->
  <testcase classname="com.crm.comcast.genericutility.BaseAnnoationClass" name="@AfterSuite configAS" time="0.0">
    <ignored/>
  </testcase> <!-- @AfterSuite configAS -->
</testsuite> <!-- Test-Runner-1 -->
