<?xml version="1.0" encoding="UTF-8"?>
<!-- Generated by org.testng.reporters.JUnitReportReporter -->
<testsuite hostname="DESKTOP-8S455D7" failures="0" tests="1" name="com.crm.comcast.contacttest.CreateContactTest" time="39.301" errors="0" timestamp="2022-01-20T11:27:49 IST" skipped="0">
  <testcase classname="com.crm.comcast.contacttest.CreateContactTest" name="createconatctTest" time="39.301"/>
  <system-out/>
</testsuite> <!-- com.crm.comcast.contacttest.CreateContactTest -->
