<?xml version="1.0" encoding="UTF-8"?>
<!-- Generated by org.testng.reporters.JUnitReportReporter -->
<testsuite hostname="DESKTOP-8S455D7" failures="0" tests="1" name="practice.ProjectUnitTest" time="0.419" errors="0" timestamp="2022-01-12T16:18:02 IST" skipped="0">
  <testcase classname="practice.ProjectUnitTest" name="pojectUnitTest" time="0.419"/>
  <system-out/>
</testsuite> <!-- practice.ProjectUnitTest -->
