<?xml version="1.0" encoding="UTF-8"?>
<!-- Generated by org.testng.reporters.JUnitReportReporter -->
<testsuite hostname="DESKTOP-8S455D7" failures="0" tests="1" name="com.crm.comcast.contacttest.CreateContactWithOrgTest" time="59.091" errors="0" timestamp="2022-01-20T11:27:49 IST" skipped="0">
  <testcase classname="com.crm.comcast.contacttest.CreateContactWithOrgTest" name="createContactWithOrgTest" time="59.091"/>
  <system-out/>
</testsuite> <!-- com.crm.comcast.contacttest.CreateContactWithOrgTest -->
