<?xml version="1.0" encoding="UTF-8"?>
<!-- Generated by org.testng.reporters.JUnitReportReporter -->
<testsuite hostname="DESKTOP-8S455D7" failures="0" tests="109" name="practice.Sample_Test" time="0.416" errors="0" timestamp="2022-01-20T15:45:20 IST" skipped="0">
  <testcase classname="practice.Sample_Test" name="addToCartAndBill" time="0.002"/>
  <system-out/>
  <testcase classname="practice.Sample_Test" name="addToCartAndBill" time="0.000"/>
  <system-out/>
  <testcase classname="practice.Sample_Test" name="addToCartAndBill" time="0.001"/>
  <system-out/>
  <testcase classname="practice.Sample_Test" name="addToCartAndBill" time="0.002"/>
  <system-out/>
  <testcase classname="practice.Sample_Test" name="addToCartAndBill" time="0.002"/>
  <system-out/>
  <testcase classname="practice.Sample_Test" name="addToCartAndBill" time="0.003"/>
  <system-out/>
  <testcase classname="practice.Sample_Test" name="addToCartAndBill" time="0.005"/>
  <system-out/>
  <testcase classname="practice.Sample_Test" name="addToCartAndBill" time="0.005"/>
  <system-out/>
  <testcase classname="practice.Sample_Test" name="addToCartAndBill" time="0.001"/>
  <system-out/>
  <testcase classname="practice.Sample_Test" name="addToCartAndBill" time="0.002"/>
  <system-out/>
  <testcase classname="practice.Sample_Test" name="addToCartAndBill" time="0.001"/>
  <system-out/>
  <testcase classname="practice.Sample_Test" name="addToCartAndBill" time="0.003"/>
  <system-out/>
  <testcase classname="practice.Sample_Test" name="addToCartAndBill" time="0.001"/>
  <system-out/>
  <testcase classname="practice.Sample_Test" name="addToCartAndBill" time="0.001"/>
  <system-out/>
  <testcase classname="practice.Sample_Test" name="addToCartAndBill" time="0.018"/>
  <system-out/>
  <testcase classname="practice.Sample_Test" name="addToCartAndBill" time="0.001"/>
  <system-out/>
  <testcase classname="practice.Sample_Test" name="addToCartAndBill" time="0.002"/>
  <system-out/>
  <testcase classname="practice.Sample_Test" name="addToCartAndBill" time="0.001"/>
  <system-out/>
  <testcase classname="practice.Sample_Test" name="addToCartAndBill" time="0.001"/>
  <system-out/>
  <testcase classname="practice.Sample_Test" name="addToCartAndBill" time="0.004"/>
  <system-out/>
  <testcase classname="practice.Sample_Test" name="addToCartAndBill" time="0.001"/>
  <system-out/>
  <testcase classname="practice.Sample_Test" name="addToCartAndBill" time="0.001"/>
  <system-out/>
  <testcase classname="practice.Sample_Test" name="addToCartAndBill" time="0.001"/>
  <system-out/>
  <testcase classname="practice.Sample_Test" name="addToCartAndBill" time="0.003"/>
  <system-out/>
  <testcase classname="practice.Sample_Test" name="addToCartAndBill" time="0.001"/>
  <system-out/>
  <testcase classname="practice.Sample_Test" name="addToCartAndBill" time="0.006"/>
  <system-out/>
  <testcase classname="practice.Sample_Test" name="addToCartAndBill" time="0.001"/>
  <system-out/>
  <testcase classname="practice.Sample_Test" name="addToCartAndBill" time="0.001"/>
  <system-out/>
  <testcase classname="practice.Sample_Test" name="addToCartAndBill" time="0.002"/>
  <system-out/>
  <testcase classname="practice.Sample_Test" name="addToCartAndBill" time="0.003"/>
  <system-out/>
  <testcase classname="practice.Sample_Test" name="addToCartAndBill" time="0.001"/>
  <system-out/>
  <testcase classname="practice.Sample_Test" name="addToCartAndBill" time="0.002"/>
  <system-out/>
  <testcase classname="practice.Sample_Test" name="addToCartAndBill" time="0.007"/>
  <system-out/>
  <testcase classname="practice.Sample_Test" name="addToCartAndBill" time="0.001"/>
  <system-out/>
  <testcase classname="practice.Sample_Test" name="addToCartAndBill" time="0.002"/>
  <system-out/>
  <testcase classname="practice.Sample_Test" name="addToCartAndBill" time="0.001"/>
  <system-out/>
  <testcase classname="practice.Sample_Test" name="addToCartAndBill" time="0.009"/>
  <system-out/>
  <testcase classname="practice.Sample_Test" name="addToCartAndBill" time="0.004"/>
  <system-out/>
  <testcase classname="practice.Sample_Test" name="addToCartAndBill" time="0.001"/>
  <system-out/>
  <testcase classname="practice.Sample_Test" name="addToCartAndBill" time="0.001"/>
  <system-out/>
  <testcase classname="practice.Sample_Test" name="addToCartAndBill" time="0.002"/>
  <system-out/>
  <testcase classname="practice.Sample_Test" name="addToCartAndBill" time="0.005"/>
  <system-out/>
  <testcase classname="practice.Sample_Test" name="addToCartAndBill" time="0.003"/>
  <system-out/>
  <testcase classname="practice.Sample_Test" name="addToCartAndBill" time="0.001"/>
  <system-out/>
  <testcase classname="practice.Sample_Test" name="addToCartAndBill" time="0.001"/>
  <system-out/>
  <testcase classname="practice.Sample_Test" name="addToCartAndBill" time="0.008"/>
  <system-out/>
  <testcase classname="practice.Sample_Test" name="addToCartAndBill" time="0.004"/>
  <system-out/>
  <testcase classname="practice.Sample_Test" name="addToCartAndBill" time="0.001"/>
  <system-out/>
  <testcase classname="practice.Sample_Test" name="addToCartAndBill" time="0.003"/>
  <system-out/>
  <testcase classname="practice.Sample_Test" name="addToCartAndBill" time="0.001"/>
  <system-out/>
  <testcase classname="practice.Sample_Test" name="addToCartAndBill" time="0.013"/>
  <system-out/>
  <testcase classname="practice.Sample_Test" name="addToCartAndBill" time="0.005"/>
  <system-out/>
  <testcase classname="practice.Sample_Test" name="addToCartAndBill" time="0.001"/>
  <system-out/>
  <testcase classname="practice.Sample_Test" name="addToCartAndBill" time="0.007"/>
  <system-out/>
  <testcase classname="practice.Sample_Test" name="addToCartAndBill" time="0.013"/>
  <system-out/>
  <testcase classname="practice.Sample_Test" name="addToCartAndBill" time="0.002"/>
  <system-out/>
  <testcase classname="practice.Sample_Test" name="addToCartAndBill" time="0.040"/>
  <system-out/>
  <testcase classname="practice.Sample_Test" name="addToCartAndBill" time="0.003"/>
  <system-out/>
  <testcase classname="practice.Sample_Test" name="addToCartAndBill" time="0.000"/>
  <system-out/>
  <testcase classname="practice.Sample_Test" name="addToCartAndBill" time="0.006"/>
  <system-out/>
  <testcase classname="practice.Sample_Test" name="addToCartAndBill" time="0.001"/>
  <system-out/>
  <testcase classname="practice.Sample_Test" name="addToCartAndBill" time="0.001"/>
  <system-out/>
  <testcase classname="practice.Sample_Test" name="addToCartAndBill" time="0.010"/>
  <system-out/>
  <testcase classname="practice.Sample_Test" name="addToCartAndBill" time="0.003"/>
  <system-out/>
  <testcase classname="practice.Sample_Test" name="addToCartAndBill" time="0.013"/>
  <system-out/>
  <testcase classname="practice.Sample_Test" name="addToCartAndBill" time="0.033"/>
  <system-out/>
  <testcase classname="practice.Sample_Test" name="addToCartAndBill" time="0.008"/>
  <system-out/>
  <testcase classname="practice.Sample_Test" name="addToCartAndBill" time="0.002"/>
  <system-out/>
  <testcase classname="practice.Sample_Test" name="addToCartAndBill" time="0.001"/>
  <system-out/>
  <testcase classname="practice.Sample_Test" name="addToCartAndBill" time="0.001"/>
  <system-out/>
  <testcase classname="practice.Sample_Test" name="addToCartAndBill" time="0.002"/>
  <system-out/>
  <testcase classname="practice.Sample_Test" name="addToCartAndBill" time="0.001"/>
  <system-out/>
  <testcase classname="practice.Sample_Test" name="addToCartAndBill" time="0.002"/>
  <system-out/>
  <testcase classname="practice.Sample_Test" name="addToCartAndBill" time="0.005"/>
  <system-out/>
  <testcase classname="practice.Sample_Test" name="addToCartAndBill" time="0.001"/>
  <system-out/>
  <testcase classname="practice.Sample_Test" name="addToCartAndBill" time="0.005"/>
  <system-out/>
  <testcase classname="practice.Sample_Test" name="addToCartAndBill" time="0.002"/>
  <system-out/>
  <testcase classname="practice.Sample_Test" name="addToCartAndBill" time="0.009"/>
  <system-out/>
  <testcase classname="practice.Sample_Test" name="addToCartAndBill" time="0.001"/>
  <system-out/>
  <testcase classname="practice.Sample_Test" name="addToCartAndBill" time="0.001"/>
  <system-out/>
  <testcase classname="practice.Sample_Test" name="addToCartAndBill" time="0.003"/>
  <system-out/>
  <testcase classname="practice.Sample_Test" name="addToCartAndBill" time="0.003"/>
  <system-out/>
  <testcase classname="practice.Sample_Test" name="addToCartAndBill" time="0.001"/>
  <system-out/>
  <testcase classname="practice.Sample_Test" name="addToCartAndBill" time="0.004"/>
  <system-out/>
  <testcase classname="practice.Sample_Test" name="addToCartAndBill" time="0.003"/>
  <system-out/>
  <testcase classname="practice.Sample_Test" name="addToCartAndBill" time="0.005"/>
  <system-out/>
  <testcase classname="practice.Sample_Test" name="addToCartAndBill" time="0.002"/>
  <system-out/>
  <testcase classname="practice.Sample_Test" name="addToCartAndBill" time="0.004"/>
  <system-out/>
  <testcase classname="practice.Sample_Test" name="addToCartAndBill" time="0.010"/>
  <system-out/>
  <testcase classname="practice.Sample_Test" name="addToCartAndBill" time="0.003"/>
  <system-out/>
  <testcase classname="practice.Sample_Test" name="addToCartAndBill" time="0.004"/>
  <system-out/>
  <testcase classname="practice.Sample_Test" name="addToCartAndBill" time="0.007"/>
  <system-out/>
  <testcase classname="practice.Sample_Test" name="addToCartAndBill" time="0.005"/>
  <system-out/>
  <testcase classname="practice.Sample_Test" name="addToCartAndBill" time="0.001"/>
  <system-out/>
  <testcase classname="practice.Sample_Test" name="addToCartAndBill" time="0.003"/>
  <system-out/>
  <testcase classname="practice.Sample_Test" name="addToCartAndBill" time="0.001"/>
  <system-out/>
  <testcase classname="practice.Sample_Test" name="addToCartAndBill" time="0.001"/>
  <system-out/>
  <testcase classname="practice.Sample_Test" name="addToCartAndBill" time="0.005"/>
  <system-out/>
  <testcase classname="practice.Sample_Test" name="addToCartAndBill" time="0.002"/>
  <system-out/>
  <testcase classname="practice.Sample_Test" name="addToCartAndBill" time="0.002"/>
  <system-out/>
  <testcase classname="practice.Sample_Test" name="addToCartAndBill" time="0.002"/>
  <system-out/>
  <testcase classname="practice.Sample_Test" name="addToCartAndBill" time="0.001"/>
  <system-out/>
  <testcase classname="practice.Sample_Test" name="addToCartAndBill" time="0.000"/>
  <system-out/>
  <testcase classname="practice.Sample_Test" name="addToCartAndBill" time="0.003"/>
  <system-out/>
  <testcase classname="practice.Sample_Test" name="addToCartAndBill" time="0.003"/>
  <system-out/>
  <testcase classname="practice.Sample_Test" name="addToCartAndBill" time="0.003"/>
  <system-out/>
  <testcase classname="practice.Sample_Test" name="addToCartAndBill" time="0.006"/>
  <system-out/>
  <testcase classname="practice.Sample_Test" name="addToCartAndBill" time="0.002"/>
  <system-out/>
  <testcase classname="practice.Sample_Test" name="addToCartAndBill" time="0.001"/>
  <system-out/>
</testsuite> <!-- practice.Sample_Test -->
