<?xml version="1.0" encoding="UTF-8"?>
<!-- Generated by org.testng.reporters.JUnitReportReporter -->
<testsuite hostname="DESKTOP-8S455D7" failures="0" tests="2" name="practice.ContactTest" time="0.035" errors="0" timestamp="2022-01-20T16:18:15 IST" skipped="0">
  <testcase classname="practice.ContactTest" name="modifyContactTest" time="0.008"/>
  <system-out/>
  <testcase classname="practice.ContactTest" name="createContactTest" time="0.027"/>
  <system-out/>
</testsuite> <!-- practice.ContactTest -->
